\BOOKMARK [1][-]{section.1}{\376\377\133\236\232\214\166\356\166\204}{}% 1
\BOOKMARK [1][-]{section.2}{\376\377\133\236\232\214\116\352\126\150\116\016\165\050\121\167}{}% 2
\BOOKMARK [1][-]{section.3}{\376\377\133\236\232\214\123\237\164\006}{}% 3
\BOOKMARK [2][-]{subsection.3.1}{\376\377\137\071\174\047\143\057\133\120\166\204\173\200\214\020\217\320\122\250}{section.3}% 4
\BOOKMARK [2][-]{subsection.3.2}{\376\377\173\200\214\020\217\320\122\250\166\204\217\320\122\250\133\146\162\171\137\201\143\317\217\360}{section.3}% 5
\BOOKMARK [2][-]{subsection.3.3}{\376\377\173\200\214\020\143\057\122\250\166\204\147\072\150\260\200\375}{section.3}% 6
\BOOKMARK [2][-]{subsection.3.4}{\376\377\167\254\145\366\220\037\136\246\166\204\155\113\133\232}{section.3}% 7
\BOOKMARK [1][-]{section.4}{\376\377\133\236\232\214\121\205\133\271\116\016\153\145\232\244}{}% 8
\BOOKMARK [2][-]{subsection.4.1}{\376\377\151\202\217\360}{section.4}% 9
\BOOKMARK [2][-]{subsection.4.2}{\376\377\133\236\232\214\153\145\232\244}{section.4}% 10
\BOOKMARK [2][-]{subsection.4.3}{\376\377\133\236\232\214\176\323\147\234\122\006\147\220}{section.4}% 11
\BOOKMARK [1][-]{section.5}{\376\377\133\236\232\214\176\323\147\234\116\016\145\160\143\156\131\004\164\006}{}% 12
\BOOKMARK [2][-]{subsection.5.1}{\376\377\213\325\232\214\116\352\126\150\166\204\214\003\213\325}{section.5}% 13
\BOOKMARK [2][-]{subsection.5.2}{\376\377\155\113\221\317\137\071\174\047\143\057\133\120\166\204\143\057\122\250\124\150\147\037\136\166\200\003\133\337\143\057\122\250\124\150\147\037\124\214\143\057\136\105\166\204\121\163\174\373}{section.5}% 14
\BOOKMARK [2][-]{subsection.5.3}{\376\377\170\024\172\166\143\057\122\250\124\150\147\037\124\214\143\057\133\120\215\050\221\317\116\113\225\364\166\204\121\163\174\373}{section.5}% 15
\BOOKMARK [2][-]{subsection.5.4}{\376\377\170\024\172\166\220\037\136\246\116\016\117\115\171\373\116\113\225\364\166\204\121\163\174\373}{section.5}% 16
\BOOKMARK [2][-]{subsection.5.5}{\376\377\170\024\172\166\143\057\122\250\174\373\176\337\166\204\147\072\150\260\200\375\146\057\124\046\133\210\140\122}{section.5}% 17
\BOOKMARK [2][-]{subsection.5.6}{\376\377\145\071\123\330\137\071\174\047\143\057\133\120\166\204\143\057\136\105\000A\000,\155\113\166\370\136\224\166\204\000V\000m\000a\000x\000,\165\061\000V\000m\000a\000x\0002\116\016\000A\0002\166\204\121\163\174\373\154\102\121\372\000k\000,\116\016\133\236\232\214\121\205\133\271\0003\166\204\176\323\147\234\217\333\210\114\153\324\217\203}{section.5}% 18
\BOOKMARK [2][-]{subsection.5.7}{\376\377\133\236\232\214\116\055\123\357\200\375\165\050\122\060\166\204\121\166\116\326\166\370\121\163\123\302\145\160}{section.5}% 19
\BOOKMARK [2][-]{subsection.5.8}{\376\377\155\113\133\232\167\254\145\366\220\037\136\246\377\014\155\113\221\317\116\015\124\014\000U\143\041\121\111\162\107\220\032\217\307\121\111\165\065\225\350\142\100\165\050\166\204\145\366\225\364\377\010\000A\000P\215\335\171\273\116\072\0005\0000\000c\000m\377\011\000,\213\241\173\227\136\163\127\107\220\037\136\246\060\002}{section.5}% 20
\BOOKMARK [2][-]{subsection.5.9}{\376\377\155\113\133\232\167\254\145\366\220\037\136\246\377\014\145\071\123\330\133\374\217\150\120\076\145\234\211\322\136\246\377\014\155\113\221\317\116\015\124\014\000U\143\041\121\111\162\107\220\032\217\307\121\111\165\065\225\350\142\100\165\050\166\204\145\366\225\364\377\010\000A\000P\377\011\215\335\171\273\116\072\0005\0000\000\050\000c\000m\000\051\000,\213\241\173\227\136\163\127\107\220\037\136\246\060\002}{section.5}% 21
\BOOKMARK [2][-]{subsection.5.10}{\376\377\155\113\133\232\167\254\145\366\220\037\136\246\377\014\145\071\123\330\000A\000P\215\335\171\273\116\072\0006\0000\000\050\000c\000m\000\051\377\014\155\113\221\317\116\015\124\014\000U\143\041\121\111\162\107\220\032\217\307\121\111\165\065\225\350\142\100\165\050\166\204\145\366\225\364\377\014\213\241\173\227\136\163\127\107\220\037\136\246\060\002}{section.5}% 22
\BOOKMARK [2][-]{subsection.5.11}{\376\377\226\104\122\240\133\236\232\214\377\032\204\075\164\003\154\325\155\113\133\232\155\262\117\123\000\050\204\326\236\273\154\271\000\051\127\050\116\015\124\014\156\051\136\246\166\204\174\230\136\246}{section.5}% 23
\BOOKMARK [1][-]{section.6}{\376\377\133\236\232\214\140\073\176\323}{}% 24
\BOOKMARK [2][-]{subsection.6.1}{\376\377\213\262\116\111\140\035\200\003\230\230}{section.6}% 25
\BOOKMARK [2][-]{subsection.6.2}{\376\377\133\236\232\214\116\055\166\204\225\356\230\230\116\016\141\037\140\363}{section.6}% 26
\BOOKMARK [1][-]{section.7}{\376\377\226\104\137\125\377\032\142\337\124\010\165\050\000P\000y\000t\000h\000o\000n\000\040\116\343\170\001}{}% 27
\BOOKMARK [1][-]{section.8}{\376\377\133\236\232\214\123\237\131\313\145\160\143\156\210\150}{}% 28
